{
  "uid" : "39b9564014004290",
  "name" : "Test-UI-Update-issue",
  "fullName" : "tests.test_selenium.TestJira#test_ui_update_issue[New Summary---AQAPYTHON-721-AQAPYTHON-721 has been updated.]",
  "historyId" : "40684bd69fcdf44f02c9adf94aebd249",
  "time" : {
    "start" : 1535707069045,
    "stop" : 1535707087223,
    "duration" : 18178
  },
  "status" : "broken",
  "statusMessage" : "selenium.common.exceptions.TimeoutException: Message:",
  "statusTrace" : "self = <tests.test_selenium.TestJira object at 0x042609F0>\nsummary = 'New Summary', priority = '', assignee = ''\nissue_id = 'AQAPYTHON-721', res = 'AQAPYTHON-721 has been updated.'\n\n    @pytest.mark.parametrize(\"summary,priority,assignee,issue_id,res\", [\n        ('New Summary', '', '', 'AQAPYTHON-721', 'AQAPYTHON-721 has been updated.'),\n        ('', 'High', '', 'AQAPYTHON-721', 'AQAPYTHON-721 has been updated.'),\n        ('', '', 'DIma_Himenes', 'AQAPYTHON-721', 'AQAPYTHON-721 has been updated.'),\n    ])\n    @allure.title('Test-UI-Update-issue')\n    def test_ui_update_issue(self, summary, priority, assignee, issue_id,  res):\n        self.driver.get(global_url_ui + 'browse/' + issue_id + '?' + global_auth)\n        update_issue_page = UpdateIssuePage(self.driver)\n>       update_issue_page.press_editbtn()\n\ntests\\test_selenium.py:66: \n_ _ _ _ _ _ _ _ _ _ _ _ _ _ _ _ _ _ _ _ _ _ _ _ _ _ _ _ _ _ _ _ _ _ _ _ _ _ _ _\npage_objects\\update_issue_page.py:17: in press_editbtn\n    self.wait.until(EC.visibility_of_element_located(self.EDIT_BTN)).click()\n_ _ _ _ _ _ _ _ _ _ _ _ _ _ _ _ _ _ _ _ _ _ _ _ _ _ _ _ _ _ _ _ _ _ _ _ _ _ _ _\n\nself = <selenium.webdriver.support.wait.WebDriverWait (session=\"fe357a292654cc538e88d4ea85060b8e\")>\nmethod = <selenium.webdriver.support.expected_conditions.visibility_of_element_located object at 0x001B1890>\nmessage = ''\n\n    def until(self, method, message=''):\n        \"\"\"Calls the method provided with the driver as an argument until the \\\n            return value is not False.\"\"\"\n        screen = None\n        stacktrace = None\n    \n        end_time = time.time() + self._timeout\n        while True:\n            try:\n                value = method(self._driver)\n                if value:\n                    return value\n            except self._ignored_exceptions as exc:\n                screen = getattr(exc, 'screen', None)\n                stacktrace = getattr(exc, 'stacktrace', None)\n            time.sleep(self._poll)\n            if time.time() > end_time:\n                break\n>       raise TimeoutException(message, screen, stacktrace)\nE       selenium.common.exceptions.TimeoutException: Message:\n\n..\\..\\appdata\\local\\programs\\python\\python37-32\\lib\\site-packages\\selenium\\webdriver\\support\\wait.py:80: TimeoutException",
  "flaky" : true,
  "beforeStages" : [ {
    "name" : "_verify_url",
    "time" : {
      "start" : 1535706922078,
      "stop" : 1535706922078,
      "duration" : 0
    },
    "status" : "passed",
    "steps" : [ ],
    "attachments" : [ ],
    "parameters" : [ ],
    "shouldDisplayMessage" : false,
    "attachmentsCount" : 0,
    "hasContent" : false,
    "stepsCount" : 0
  }, {
    "name" : "sensitive_url",
    "time" : {
      "start" : 1535706922078,
      "stop" : 1535706922078,
      "duration" : 0
    },
    "status" : "passed",
    "steps" : [ ],
    "attachments" : [ ],
    "parameters" : [ ],
    "shouldDisplayMessage" : false,
    "attachmentsCount" : 0,
    "hasContent" : false,
    "stepsCount" : 0
  }, {
    "name" : "driver_init",
    "time" : {
      "start" : 1535707066663,
      "stop" : 1535707069044,
      "duration" : 2381
    },
    "status" : "passed",
    "steps" : [ ],
    "attachments" : [ ],
    "parameters" : [ ],
    "shouldDisplayMessage" : false,
    "attachmentsCount" : 0,
    "hasContent" : false,
    "stepsCount" : 0
  }, {
    "name" : "_skip_sensitive",
    "time" : {
      "start" : 1535707066662,
      "stop" : 1535707066662,
      "duration" : 0
    },
    "status" : "passed",
    "steps" : [ ],
    "attachments" : [ ],
    "parameters" : [ ],
    "shouldDisplayMessage" : false,
    "attachmentsCount" : 0,
    "hasContent" : false,
    "stepsCount" : 0
  }, {
    "name" : "base_url",
    "time" : {
      "start" : 1535706922078,
      "stop" : 1535706922078,
      "duration" : 0
    },
    "status" : "passed",
    "steps" : [ ],
    "attachments" : [ ],
    "parameters" : [ ],
    "shouldDisplayMessage" : false,
    "attachmentsCount" : 0,
    "hasContent" : false,
    "stepsCount" : 0
  } ],
  "testStage" : {
    "status" : "broken",
    "statusMessage" : "selenium.common.exceptions.TimeoutException: Message:",
    "statusTrace" : "self = <tests.test_selenium.TestJira object at 0x042609F0>\nsummary = 'New Summary', priority = '', assignee = ''\nissue_id = 'AQAPYTHON-721', res = 'AQAPYTHON-721 has been updated.'\n\n    @pytest.mark.parametrize(\"summary,priority,assignee,issue_id,res\", [\n        ('New Summary', '', '', 'AQAPYTHON-721', 'AQAPYTHON-721 has been updated.'),\n        ('', 'High', '', 'AQAPYTHON-721', 'AQAPYTHON-721 has been updated.'),\n        ('', '', 'DIma_Himenes', 'AQAPYTHON-721', 'AQAPYTHON-721 has been updated.'),\n    ])\n    @allure.title('Test-UI-Update-issue')\n    def test_ui_update_issue(self, summary, priority, assignee, issue_id,  res):\n        self.driver.get(global_url_ui + 'browse/' + issue_id + '?' + global_auth)\n        update_issue_page = UpdateIssuePage(self.driver)\n>       update_issue_page.press_editbtn()\n\ntests\\test_selenium.py:66: \n_ _ _ _ _ _ _ _ _ _ _ _ _ _ _ _ _ _ _ _ _ _ _ _ _ _ _ _ _ _ _ _ _ _ _ _ _ _ _ _\npage_objects\\update_issue_page.py:17: in press_editbtn\n    self.wait.until(EC.visibility_of_element_located(self.EDIT_BTN)).click()\n_ _ _ _ _ _ _ _ _ _ _ _ _ _ _ _ _ _ _ _ _ _ _ _ _ _ _ _ _ _ _ _ _ _ _ _ _ _ _ _\n\nself = <selenium.webdriver.support.wait.WebDriverWait (session=\"fe357a292654cc538e88d4ea85060b8e\")>\nmethod = <selenium.webdriver.support.expected_conditions.visibility_of_element_located object at 0x001B1890>\nmessage = ''\n\n    def until(self, method, message=''):\n        \"\"\"Calls the method provided with the driver as an argument until the \\\n            return value is not False.\"\"\"\n        screen = None\n        stacktrace = None\n    \n        end_time = time.time() + self._timeout\n        while True:\n            try:\n                value = method(self._driver)\n                if value:\n                    return value\n            except self._ignored_exceptions as exc:\n                screen = getattr(exc, 'screen', None)\n                stacktrace = getattr(exc, 'stacktrace', None)\n            time.sleep(self._poll)\n            if time.time() > end_time:\n                break\n>       raise TimeoutException(message, screen, stacktrace)\nE       selenium.common.exceptions.TimeoutException: Message:\n\n..\\..\\appdata\\local\\programs\\python\\python37-32\\lib\\site-packages\\selenium\\webdriver\\support\\wait.py:80: TimeoutException",
    "steps" : [ ],
    "attachments" : [ {
      "uid" : "4c5624a0a41d82c3",
      "name" : "test_ui_update_issue[New Summary---AQAPYTHON-721-AQAPYTHON-721 has been updated.]",
      "source" : "4c5624a0a41d82c3.png",
      "type" : "image/png",
      "size" : 38327
    } ],
    "parameters" : [ ],
    "shouldDisplayMessage" : true,
    "attachmentsCount" : 1,
    "hasContent" : true,
    "stepsCount" : 0
  },
  "afterStages" : [ {
    "name" : "driver_init::0",
    "time" : {
      "start" : 1535707087583,
      "stop" : 1535707089923,
      "duration" : 2340
    },
    "status" : "passed",
    "steps" : [ ],
    "attachments" : [ ],
    "parameters" : [ ],
    "shouldDisplayMessage" : false,
    "attachmentsCount" : 0,
    "hasContent" : false,
    "stepsCount" : 0
  } ],
  "labels" : [ {
    "name" : "tag",
    "value" : "@pytest.mark.usefixtures('driver_init')"
  }, {
    "name" : "tag",
    "value" : "@pytest.mark.usefixtures('driver_init')"
  }, {
    "name" : "parentSuite",
    "value" : "tests"
  }, {
    "name" : "suite",
    "value" : "test_selenium"
  }, {
    "name" : "subSuite",
    "value" : "TestJira"
  }, {
    "name" : "host",
    "value" : "lvl1302006"
  }, {
    "name" : "thread",
    "value" : "11332-MainThread"
  }, {
    "name" : "framework",
    "value" : "pytest"
  }, {
    "name" : "language",
    "value" : "cpython3"
  }, {
    "name" : "package",
    "value" : "tests.test_selenium"
  }, {
    "name" : "resultFormat",
    "value" : "allure2"
  } ],
  "parameters" : [ {
    "name" : "assignee",
    "value" : "''"
  }, {
    "name" : "issue_id",
    "value" : "'AQAPYTHON-721'"
  }, {
    "name" : "priority",
    "value" : "''"
  }, {
    "name" : "res",
    "value" : "'AQAPYTHON-721 has been updated.'"
  }, {
    "name" : "summary",
    "value" : "'New Summary'"
  } ],
  "links" : [ ],
  "hidden" : false,
  "retry" : false,
  "extra" : {
    "severity" : "normal",
    "retries" : [ {
      "uid" : "d2d92d0a30ac1069",
      "status" : "broken",
      "statusDetails" : "selenium.common.exceptions.TimeoutException: Message:",
      "time" : {
        "start" : 1535707037723,
        "stop" : 1535707060150,
        "duration" : 22427
      }
    }, {
      "uid" : "2949746dfcfcb1b8",
      "status" : "broken",
      "statusDetails" : "selenium.common.exceptions.TimeoutException: Message:",
      "time" : {
        "start" : 1535707006825,
        "stop" : 1535707031477,
        "duration" : 24652
      }
    }, {
      "uid" : "62595cb245df340a",
      "status" : "passed",
      "time" : {
        "start" : 1535643282087,
        "stop" : 1535643309397,
        "duration" : 27310
      }
    }, {
      "uid" : "ceeb08ea675ec24e",
      "status" : "passed",
      "time" : {
        "start" : 1535643108234,
        "stop" : 1535643122598,
        "duration" : 14364
      }
    }, {
      "uid" : "150cbc5dbc98d3d9",
      "status" : "passed",
      "time" : {
        "start" : 1535642711741,
        "stop" : 1535642746672,
        "duration" : 34931
      }
    }, {
      "uid" : "781870e99f29f0c8",
      "status" : "passed",
      "time" : {
        "start" : 1535642291111,
        "stop" : 1535642304491,
        "duration" : 13380
      }
    }, {
      "uid" : "17f28758f77555ab",
      "status" : "broken",
      "statusDetails" : "selenium.common.exceptions.TimeoutException: Message:",
      "time" : {
        "start" : 1535632522613,
        "stop" : 1535632533603,
        "duration" : 10990
      }
    } ],
    "categories" : [ {
      "name" : "Test defects",
      "matchedStatuses" : [ ],
      "flaky" : false
    } ],
    "tags" : [ "@pytest.mark.usefixtures('driver_init')" ]
  },
  "source" : "39b9564014004290.json",
  "parameterValues" : [ "''", "'AQAPYTHON-721'", "''", "'AQAPYTHON-721 has been updated.'", "'New Summary'" ]
}