{
  "uid" : "84f0c4dbf2fc2197",
  "name" : "Test-UI-Update-issue",
  "fullName" : "tests.test_selenium.TestJira#test_ui_update_issue[-High--AQAPYTHON-721-AQAPYTHON-721 has been updated.]",
  "historyId" : "678278eedcb92ed733a5e8babf2f8840",
  "time" : {
    "start" : 1535707141396,
    "stop" : 1535707165934,
    "duration" : 24538
  },
  "status" : "broken",
  "statusMessage" : "selenium.common.exceptions.TimeoutException: Message:",
  "statusTrace" : "self = <tests.test_selenium.TestJira object at 0x04A8EC70>, summary = ''\npriority = 'High', assignee = '', issue_id = 'AQAPYTHON-721'\nres = 'AQAPYTHON-721 has been updated.'\n\n    @pytest.mark.parametrize(\"summary,priority,assignee,issue_id,res\", [\n        ('New Summary', '', '', 'AQAPYTHON-721', 'AQAPYTHON-721 has been updated.'),\n        ('', 'High', '', 'AQAPYTHON-721', 'AQAPYTHON-721 has been updated.'),\n        ('', '', 'DIma_Himenes', 'AQAPYTHON-721', 'AQAPYTHON-721 has been updated.'),\n    ])\n    @allure.title('Test-UI-Update-issue')\n    def test_ui_update_issue(self, summary, priority, assignee, issue_id,  res):\n        self.driver.get(global_url_ui + 'browse/' + issue_id + '?' + global_auth)\n        update_issue_page = UpdateIssuePage(self.driver)\n>       update_issue_page.press_editbtn()\n\ntests\\test_selenium.py:66: \n_ _ _ _ _ _ _ _ _ _ _ _ _ _ _ _ _ _ _ _ _ _ _ _ _ _ _ _ _ _ _ _ _ _ _ _ _ _ _ _\npage_objects\\update_issue_page.py:17: in press_editbtn\n    self.wait.until(EC.visibility_of_element_located(self.EDIT_BTN)).click()\n_ _ _ _ _ _ _ _ _ _ _ _ _ _ _ _ _ _ _ _ _ _ _ _ _ _ _ _ _ _ _ _ _ _ _ _ _ _ _ _\n\nself = <selenium.webdriver.support.wait.WebDriverWait (session=\"8b74745d9cf2979e74bfc7fcb60cab7b\")>\nmethod = <selenium.webdriver.support.expected_conditions.visibility_of_element_located object at 0x04A7EAF0>\nmessage = ''\n\n    def until(self, method, message=''):\n        \"\"\"Calls the method provided with the driver as an argument until the \\\n            return value is not False.\"\"\"\n        screen = None\n        stacktrace = None\n    \n        end_time = time.time() + self._timeout\n        while True:\n            try:\n                value = method(self._driver)\n                if value:\n                    return value\n            except self._ignored_exceptions as exc:\n                screen = getattr(exc, 'screen', None)\n                stacktrace = getattr(exc, 'stacktrace', None)\n            time.sleep(self._poll)\n            if time.time() > end_time:\n                break\n>       raise TimeoutException(message, screen, stacktrace)\nE       selenium.common.exceptions.TimeoutException: Message:\n\n..\\..\\appdata\\local\\programs\\python\\python37-32\\lib\\site-packages\\selenium\\webdriver\\support\\wait.py:80: TimeoutException",
  "flaky" : false,
  "beforeStages" : [ {
    "name" : "sensitive_url",
    "time" : {
      "start" : 1535707138047,
      "stop" : 1535707138047,
      "duration" : 0
    },
    "status" : "passed",
    "steps" : [ ],
    "attachments" : [ ],
    "parameters" : [ ],
    "shouldDisplayMessage" : false,
    "attachmentsCount" : 0,
    "hasContent" : false,
    "stepsCount" : 0
  }, {
    "name" : "_verify_url",
    "time" : {
      "start" : 1535707138047,
      "stop" : 1535707138047,
      "duration" : 0
    },
    "status" : "passed",
    "steps" : [ ],
    "attachments" : [ ],
    "parameters" : [ ],
    "shouldDisplayMessage" : false,
    "attachmentsCount" : 0,
    "hasContent" : false,
    "stepsCount" : 0
  }, {
    "name" : "driver_init",
    "time" : {
      "start" : 1535707138048,
      "stop" : 1535707141394,
      "duration" : 3346
    },
    "status" : "passed",
    "steps" : [ ],
    "attachments" : [ ],
    "parameters" : [ ],
    "shouldDisplayMessage" : false,
    "attachmentsCount" : 0,
    "hasContent" : false,
    "stepsCount" : 0
  }, {
    "name" : "_skip_sensitive",
    "time" : {
      "start" : 1535707138047,
      "stop" : 1535707138048,
      "duration" : 1
    },
    "status" : "passed",
    "steps" : [ ],
    "attachments" : [ ],
    "parameters" : [ ],
    "shouldDisplayMessage" : false,
    "attachmentsCount" : 0,
    "hasContent" : false,
    "stepsCount" : 0
  }, {
    "name" : "base_url",
    "time" : {
      "start" : 1535707138046,
      "stop" : 1535707138046,
      "duration" : 0
    },
    "status" : "passed",
    "steps" : [ ],
    "attachments" : [ ],
    "parameters" : [ ],
    "shouldDisplayMessage" : false,
    "attachmentsCount" : 0,
    "hasContent" : false,
    "stepsCount" : 0
  } ],
  "testStage" : {
    "status" : "broken",
    "statusMessage" : "selenium.common.exceptions.TimeoutException: Message:",
    "statusTrace" : "self = <tests.test_selenium.TestJira object at 0x04A8EC70>, summary = ''\npriority = 'High', assignee = '', issue_id = 'AQAPYTHON-721'\nres = 'AQAPYTHON-721 has been updated.'\n\n    @pytest.mark.parametrize(\"summary,priority,assignee,issue_id,res\", [\n        ('New Summary', '', '', 'AQAPYTHON-721', 'AQAPYTHON-721 has been updated.'),\n        ('', 'High', '', 'AQAPYTHON-721', 'AQAPYTHON-721 has been updated.'),\n        ('', '', 'DIma_Himenes', 'AQAPYTHON-721', 'AQAPYTHON-721 has been updated.'),\n    ])\n    @allure.title('Test-UI-Update-issue')\n    def test_ui_update_issue(self, summary, priority, assignee, issue_id,  res):\n        self.driver.get(global_url_ui + 'browse/' + issue_id + '?' + global_auth)\n        update_issue_page = UpdateIssuePage(self.driver)\n>       update_issue_page.press_editbtn()\n\ntests\\test_selenium.py:66: \n_ _ _ _ _ _ _ _ _ _ _ _ _ _ _ _ _ _ _ _ _ _ _ _ _ _ _ _ _ _ _ _ _ _ _ _ _ _ _ _\npage_objects\\update_issue_page.py:17: in press_editbtn\n    self.wait.until(EC.visibility_of_element_located(self.EDIT_BTN)).click()\n_ _ _ _ _ _ _ _ _ _ _ _ _ _ _ _ _ _ _ _ _ _ _ _ _ _ _ _ _ _ _ _ _ _ _ _ _ _ _ _\n\nself = <selenium.webdriver.support.wait.WebDriverWait (session=\"8b74745d9cf2979e74bfc7fcb60cab7b\")>\nmethod = <selenium.webdriver.support.expected_conditions.visibility_of_element_located object at 0x04A7EAF0>\nmessage = ''\n\n    def until(self, method, message=''):\n        \"\"\"Calls the method provided with the driver as an argument until the \\\n            return value is not False.\"\"\"\n        screen = None\n        stacktrace = None\n    \n        end_time = time.time() + self._timeout\n        while True:\n            try:\n                value = method(self._driver)\n                if value:\n                    return value\n            except self._ignored_exceptions as exc:\n                screen = getattr(exc, 'screen', None)\n                stacktrace = getattr(exc, 'stacktrace', None)\n            time.sleep(self._poll)\n            if time.time() > end_time:\n                break\n>       raise TimeoutException(message, screen, stacktrace)\nE       selenium.common.exceptions.TimeoutException: Message:\n\n..\\..\\appdata\\local\\programs\\python\\python37-32\\lib\\site-packages\\selenium\\webdriver\\support\\wait.py:80: TimeoutException",
    "steps" : [ ],
    "attachments" : [ {
      "uid" : "52b3c4d2d0379f5c",
      "name" : "test_ui_update_issue[-High--AQAPYTHON-721-AQAPYTHON-721 has been updated.]",
      "source" : "52b3c4d2d0379f5c.png",
      "type" : "image/png",
      "size" : 38327
    } ],
    "parameters" : [ ],
    "shouldDisplayMessage" : true,
    "attachmentsCount" : 1,
    "hasContent" : true,
    "stepsCount" : 0
  },
  "afterStages" : [ {
    "name" : "driver_init::0",
    "time" : {
      "start" : 1535707170342,
      "stop" : 1535707172679,
      "duration" : 2337
    },
    "status" : "passed",
    "steps" : [ ],
    "attachments" : [ ],
    "parameters" : [ ],
    "shouldDisplayMessage" : false,
    "attachmentsCount" : 0,
    "hasContent" : false,
    "stepsCount" : 0
  } ],
  "labels" : [ {
    "name" : "tag",
    "value" : "@pytest.mark.usefixtures('driver_init')"
  }, {
    "name" : "tag",
    "value" : "@pytest.mark.usefixtures('driver_init')"
  }, {
    "name" : "parentSuite",
    "value" : "tests"
  }, {
    "name" : "suite",
    "value" : "test_selenium"
  }, {
    "name" : "subSuite",
    "value" : "TestJira"
  }, {
    "name" : "host",
    "value" : "lvl1302006"
  }, {
    "name" : "thread",
    "value" : "28416-MainThread"
  }, {
    "name" : "framework",
    "value" : "pytest"
  }, {
    "name" : "language",
    "value" : "cpython3"
  }, {
    "name" : "package",
    "value" : "tests.test_selenium"
  }, {
    "name" : "resultFormat",
    "value" : "allure2"
  } ],
  "parameters" : [ {
    "name" : "assignee",
    "value" : "''"
  }, {
    "name" : "issue_id",
    "value" : "'AQAPYTHON-721'"
  }, {
    "name" : "priority",
    "value" : "'High'"
  }, {
    "name" : "res",
    "value" : "'AQAPYTHON-721 has been updated.'"
  }, {
    "name" : "summary",
    "value" : "''"
  } ],
  "links" : [ ],
  "hidden" : true,
  "retry" : true,
  "extra" : {
    "categories" : [ ],
    "tags" : [ "@pytest.mark.usefixtures('driver_init')" ]
  },
  "source" : "84f0c4dbf2fc2197.json",
  "parameterValues" : [ "''", "'AQAPYTHON-721'", "'High'", "'AQAPYTHON-721 has been updated.'", "''" ]
}