{
  "uid" : "f8264d7e8fdb2790",
  "name" : "test_ui_create_issue[-Creating of an issue using project keys and issue type names using the REST API 2-summary: You must specify a summary of the issue.]",
  "fullName" : "tests.test_selenium.TestJira#test_ui_create_issue[-Creating of an issue using project keys and issue type names using the REST API 2-summary: You must specify a summary of the issue.]",
  "historyId" : "f267f102f60938d270b96d0b16d58e18",
  "time" : {
    "start" : 1535632459403,
    "stop" : 1535632471492,
    "duration" : 12089
  },
  "status" : "broken",
  "statusMessage" : "selenium.common.exceptions.TimeoutException: Message:",
  "statusTrace" : "self = <tests.test_selenium.TestJira object at 0x04F97ED0>, summary = ''\nbody = 'Creating of an issue using project keys and issue type names using the REST API 2'\nres = 'summary: You must specify a summary of the issue.'\n\n    @pytest.mark.parametrize(\"summary,body,res\", [\n        (normal_summary, normal_body, normal_summary),\n        (empty_summary, normal_body, \"summary: You must specify a summary of the issue.\"),\n        (to_long_summary, normal_body, \"summary: Summary must be less than 255 characters.\"),\n    ])\n    def test_ui_create_issue(self, summary, body, res):\n        self.driver.get(global_url_ui + 'secure/CreateIssue!default.jspa?' + global_auth)\n    \n        create_issue_page = CreateIssuePage(self.driver)\n>       create_issue_page.press_nextbtn()\n\ntests\\test_selenium.py:33: \n_ _ _ _ _ _ _ _ _ _ _ _ _ _ _ _ _ _ _ _ _ _ _ _ _ _ _ _ _ _ _ _ _ _ _ _ _ _ _ _\npage_objects\\create_issue_page.py:17: in press_nextbtn\n    self.wait.until(EC.visibility_of_element_located(self.NEXT_BTN)).click()\n_ _ _ _ _ _ _ _ _ _ _ _ _ _ _ _ _ _ _ _ _ _ _ _ _ _ _ _ _ _ _ _ _ _ _ _ _ _ _ _\n\nself = <selenium.webdriver.support.wait.WebDriverWait (session=\"f9bbfb0d14b01aca7f91d1118880bb3c\")>\nmethod = <selenium.webdriver.support.expected_conditions.visibility_of_element_located object at 0x04E5F7D0>\nmessage = ''\n\n    def until(self, method, message=''):\n        \"\"\"Calls the method provided with the driver as an argument until the \\\n            return value is not False.\"\"\"\n        screen = None\n        stacktrace = None\n    \n        end_time = time.time() + self._timeout\n        while True:\n            try:\n                value = method(self._driver)\n                if value:\n                    return value\n            except self._ignored_exceptions as exc:\n                screen = getattr(exc, 'screen', None)\n                stacktrace = getattr(exc, 'stacktrace', None)\n            time.sleep(self._poll)\n            if time.time() > end_time:\n                break\n>       raise TimeoutException(message, screen, stacktrace)\nE       selenium.common.exceptions.TimeoutException: Message:\n\n..\\..\\appdata\\local\\programs\\python\\python37-32\\lib\\site-packages\\selenium\\webdriver\\support\\wait.py:80: TimeoutException",
  "flaky" : false,
  "beforeStages" : [ {
    "name" : "driver_init",
    "time" : {
      "start" : 1535632429208,
      "stop" : 1535632432472,
      "duration" : 3264
    },
    "status" : "passed",
    "steps" : [ ],
    "attachments" : [ ],
    "parameters" : [ ],
    "shouldDisplayMessage" : false,
    "attachmentsCount" : 0,
    "hasContent" : false,
    "stepsCount" : 0
  }, {
    "name" : "_skip_sensitive",
    "time" : {
      "start" : 1535632459402,
      "stop" : 1535632459402,
      "duration" : 0
    },
    "status" : "passed",
    "steps" : [ ],
    "attachments" : [ ],
    "parameters" : [ ],
    "shouldDisplayMessage" : false,
    "attachmentsCount" : 0,
    "hasContent" : false,
    "stepsCount" : 0
  } ],
  "afterStages" : [ {
    "name" : "driver_init::0",
    "time" : {
      "start" : 1535632535628,
      "stop" : 1535632537659,
      "duration" : 2031
    },
    "status" : "broken",
    "statusMessage" : "KeyboardInterrupt\n",
    "statusTrace" : "  File \"c:\\users\\dhimenes\\appdata\\local\\programs\\python\\python37-32\\lib\\site-packages\\allure_commons\\_allure.py\", line 169, in __call__\n    return self._fixture_function(*args, **kwargs)\n  File \"c:\\users\\dhimenes\\appdata\\local\\programs\\python\\python37-32\\lib\\site-packages\\_pytest\\fixtures.py\", line 808, in _teardown_yield_fixture\n    next(it)\n  File \"C:\\Users\\dhimenes\\PycharmProjects\\ssp_aqa_phyton_dhimenes\\conftest.py\", line 17, in driver_init\n    web_driver.close()\n  File \"c:\\users\\dhimenes\\appdata\\local\\programs\\python\\python37-32\\lib\\site-packages\\selenium\\webdriver\\remote\\webdriver.py\", line 687, in close\n    self.execute(Command.CLOSE)\n  File \"c:\\users\\dhimenes\\appdata\\local\\programs\\python\\python37-32\\lib\\site-packages\\selenium\\webdriver\\remote\\webdriver.py\", line 318, in execute\n    response = self.command_executor.execute(driver_command, params)\n  File \"c:\\users\\dhimenes\\appdata\\local\\programs\\python\\python37-32\\lib\\site-packages\\selenium\\webdriver\\remote\\remote_connection.py\", line 375, in execute\n    return self._request(command_info[0], url, body=data)\n  File \"c:\\users\\dhimenes\\appdata\\local\\programs\\python\\python37-32\\lib\\site-packages\\selenium\\webdriver\\remote\\remote_connection.py\", line 397, in _request\n    resp = self._conn.request(method, url, body=body, headers=headers)\n  File \"c:\\users\\dhimenes\\appdata\\local\\programs\\python\\python37-32\\lib\\site-packages\\urllib3\\request.py\", line 68, in request\n    **urlopen_kw)\n  File \"c:\\users\\dhimenes\\appdata\\local\\programs\\python\\python37-32\\lib\\site-packages\\urllib3\\request.py\", line 89, in request_encode_url\n    return self.urlopen(method, url, **extra_kw)\n  File \"c:\\users\\dhimenes\\appdata\\local\\programs\\python\\python37-32\\lib\\site-packages\\urllib3\\poolmanager.py\", line 322, in urlopen\n    response = conn.urlopen(method, u.request_uri, **kw)\n  File \"c:\\users\\dhimenes\\appdata\\local\\programs\\python\\python37-32\\lib\\site-packages\\urllib3\\connectionpool.py\", line 667, in urlopen\n    **response_kw)\n  File \"c:\\users\\dhimenes\\appdata\\local\\programs\\python\\python37-32\\lib\\site-packages\\urllib3\\connectionpool.py\", line 600, in urlopen\n    chunked=chunked)\n  File \"c:\\users\\dhimenes\\appdata\\local\\programs\\python\\python37-32\\lib\\site-packages\\urllib3\\connectionpool.py\", line 354, in _make_request\n    conn.request(method, url, **httplib_request_kw)\n  File \"c:\\users\\dhimenes\\appdata\\local\\programs\\python\\python37-32\\lib\\http\\client.py\", line 1229, in request\n    self._send_request(method, url, body, headers, encode_chunked)\n  File \"c:\\users\\dhimenes\\appdata\\local\\programs\\python\\python37-32\\lib\\http\\client.py\", line 1275, in _send_request\n    self.endheaders(body, encode_chunked=encode_chunked)\n  File \"c:\\users\\dhimenes\\appdata\\local\\programs\\python\\python37-32\\lib\\http\\client.py\", line 1224, in endheaders\n    self._send_output(message_body, encode_chunked=encode_chunked)\n  File \"c:\\users\\dhimenes\\appdata\\local\\programs\\python\\python37-32\\lib\\http\\client.py\", line 1016, in _send_output\n    self.send(msg)\n  File \"c:\\users\\dhimenes\\appdata\\local\\programs\\python\\python37-32\\lib\\http\\client.py\", line 956, in send\n    self.connect()\n  File \"c:\\users\\dhimenes\\appdata\\local\\programs\\python\\python37-32\\lib\\site-packages\\urllib3\\connection.py\", line 196, in connect\n    conn = self._new_conn()\n  File \"c:\\users\\dhimenes\\appdata\\local\\programs\\python\\python37-32\\lib\\site-packages\\urllib3\\connection.py\", line 171, in _new_conn\n    (self._dns_host, self.port), self.timeout, **extra_kw)\n  File \"c:\\users\\dhimenes\\appdata\\local\\programs\\python\\python37-32\\lib\\site-packages\\urllib3\\util\\connection.py\", line 69, in create_connection\n    sock.connect(sa)\n",
    "steps" : [ ],
    "attachments" : [ ],
    "parameters" : [ ],
    "shouldDisplayMessage" : true,
    "attachmentsCount" : 0,
    "hasContent" : true,
    "stepsCount" : 0
  } ],
  "labels" : [ {
    "name" : "tag",
    "value" : "@pytest.mark.usefixtures('driver_init')"
  }, {
    "name" : "tag",
    "value" : "@pytest.mark.usefixtures('driver_init')"
  }, {
    "name" : "parentSuite",
    "value" : "tests"
  }, {
    "name" : "suite",
    "value" : "test_selenium"
  }, {
    "name" : "subSuite",
    "value" : "TestJira"
  }, {
    "name" : "host",
    "value" : "lvl1302006"
  }, {
    "name" : "thread",
    "value" : "23620-MainThread"
  }, {
    "name" : "framework",
    "value" : "pytest"
  }, {
    "name" : "language",
    "value" : "cpython3"
  }, {
    "name" : "package",
    "value" : "tests.test_selenium"
  }, {
    "name" : "resultFormat",
    "value" : "allure2"
  } ],
  "parameters" : [ {
    "name" : "body",
    "value" : "'Creating of an issue using project keys and issue type names using the REST API 2'"
  }, {
    "name" : "res",
    "value" : "'summary: You must specify a summary of the issue.'"
  }, {
    "name" : "summary",
    "value" : "''"
  } ],
  "links" : [ ],
  "hidden" : true,
  "retry" : true,
  "extra" : {
    "categories" : [ ],
    "tags" : [ "@pytest.mark.usefixtures('driver_init')" ]
  },
  "source" : "f8264d7e8fdb2790.json",
  "parameterValues" : [ "'Creating of an issue using project keys and issue type names using the REST API 2'", "'summary: You must specify a summary of the issue.'", "''" ]
}